2019-08-14-16-44 [main] [org.springframework.boot.diagnostics.LoggingFailureAnalysisReporter] [ERROR] - 

***************************
APPLICATION FAILED TO START
***************************

Description:

An attempt was made to call a method that does not exist. The attempt was made from the following location:

    org.apache.catalina.authenticator.AuthenticatorBase.startInternal(AuthenticatorBase.java:1178)

The following method did not exist:

    javax.servlet.ServletContext.getVirtualServerName()Ljava/lang/String;

The method's class, javax.servlet.ServletContext, is available from the following locations:

    jar:file:/usr/local/phoenix-4.14.2/phoenix-4.14.2-HBase-1.4-client.jar!/javax/servlet/ServletContext.class
    jar:file:/home/luochan/.m2/repository/org/apache/tomcat/embed/tomcat-embed-core/9.0.22/tomcat-embed-core-9.0.22.jar!/javax/servlet/ServletContext.class
    jar:file:/home/luochan/.m2/repository/org/mortbay/jetty/servlet-api-2.5/6.1.14/servlet-api-2.5-6.1.14.jar!/javax/servlet/ServletContext.class
    jar:file:/home/luochan/.m2/repository/javax/servlet/servlet-api/2.5/servlet-api-2.5.jar!/javax/servlet/ServletContext.class

It was loaded from the following location:

    file:/usr/local/phoenix-4.14.2/phoenix-4.14.2-HBase-1.4-client.jar


Action:

Correct the classpath of your application so that it contains a single, compatible version of javax.servlet.ServletContext

2019-08-14-16-48 [main] [org.springframework.boot.diagnostics.LoggingFailureAnalysisReporter] [ERROR] - 

***************************
APPLICATION FAILED TO START
***************************

Description:

An attempt was made to call a method that does not exist. The attempt was made from the following location:

    org.apache.catalina.authenticator.AuthenticatorBase.startInternal(AuthenticatorBase.java:1178)

The following method did not exist:

    javax.servlet.ServletContext.getVirtualServerName()Ljava/lang/String;

The method's class, javax.servlet.ServletContext, is available from the following locations:

    jar:file:/usr/local/phoenix-4.14.2/phoenix-4.14.2-HBase-1.4-client.jar!/javax/servlet/ServletContext.class
    jar:file:/home/luochan/.m2/repository/org/apache/tomcat/embed/tomcat-embed-core/9.0.22/tomcat-embed-core-9.0.22.jar!/javax/servlet/ServletContext.class
    jar:file:/home/luochan/.m2/repository/org/mortbay/jetty/servlet-api-2.5/6.1.14/servlet-api-2.5-6.1.14.jar!/javax/servlet/ServletContext.class
    jar:file:/home/luochan/.m2/repository/javax/servlet/servlet-api/2.5/servlet-api-2.5.jar!/javax/servlet/ServletContext.class

It was loaded from the following location:

    file:/usr/local/phoenix-4.14.2/phoenix-4.14.2-HBase-1.4-client.jar


Action:

Correct the classpath of your application so that it contains a single, compatible version of javax.servlet.ServletContext

2019-08-14-16-49 [main] [org.springframework.boot.diagnostics.LoggingFailureAnalysisReporter] [ERROR] - 

***************************
APPLICATION FAILED TO START
***************************

Description:

An attempt was made to call a method that does not exist. The attempt was made from the following location:

    org.apache.catalina.authenticator.AuthenticatorBase.startInternal(AuthenticatorBase.java:1178)

The following method did not exist:

    javax.servlet.ServletContext.getVirtualServerName()Ljava/lang/String;

The method's class, javax.servlet.ServletContext, is available from the following locations:

    jar:file:/usr/local/phoenix-4.14.2/phoenix-4.14.2-HBase-1.4-client.jar!/javax/servlet/ServletContext.class
    jar:file:/home/luochan/.m2/repository/org/apache/tomcat/embed/tomcat-embed-core/9.0.22/tomcat-embed-core-9.0.22.jar!/javax/servlet/ServletContext.class
    jar:file:/home/luochan/.m2/repository/org/mortbay/jetty/servlet-api-2.5/6.1.14/servlet-api-2.5-6.1.14.jar!/javax/servlet/ServletContext.class
    jar:file:/home/luochan/.m2/repository/javax/servlet/servlet-api/2.5/servlet-api-2.5.jar!/javax/servlet/ServletContext.class

It was loaded from the following location:

    file:/usr/local/phoenix-4.14.2/phoenix-4.14.2-HBase-1.4-client.jar


Action:

Correct the classpath of your application so that it contains a single, compatible version of javax.servlet.ServletContext

2019-08-14-16-59 [main] [org.springframework.boot.diagnostics.LoggingFailureAnalysisReporter] [ERROR] - 

***************************
APPLICATION FAILED TO START
***************************

Description:

An attempt was made to call a method that does not exist. The attempt was made from the following location:

    org.apache.catalina.authenticator.AuthenticatorBase.startInternal(AuthenticatorBase.java:1178)

The following method did not exist:

    javax.servlet.ServletContext.getVirtualServerName()Ljava/lang/String;

The method's class, javax.servlet.ServletContext, is available from the following locations:

    jar:file:/usr/local/phoenix-4.14.2/phoenix-4.14.2-HBase-1.4-client.jar!/javax/servlet/ServletContext.class
    jar:file:/home/luochan/.m2/repository/org/apache/tomcat/embed/tomcat-embed-core/9.0.22/tomcat-embed-core-9.0.22.jar!/javax/servlet/ServletContext.class
    jar:file:/home/luochan/.m2/repository/org/mortbay/jetty/servlet-api-2.5/6.1.14/servlet-api-2.5-6.1.14.jar!/javax/servlet/ServletContext.class

It was loaded from the following location:

    file:/usr/local/phoenix-4.14.2/phoenix-4.14.2-HBase-1.4-client.jar


Action:

Correct the classpath of your application so that it contains a single, compatible version of javax.servlet.ServletContext

2019-08-14-17-00 [main] [org.springframework.boot.diagnostics.LoggingFailureAnalysisReporter] [ERROR] - 

***************************
APPLICATION FAILED TO START
***************************

Description:

An attempt was made to call a method that does not exist. The attempt was made from the following location:

    org.apache.catalina.authenticator.AuthenticatorBase.startInternal(AuthenticatorBase.java:1178)

The following method did not exist:

    javax.servlet.ServletContext.getVirtualServerName()Ljava/lang/String;

The method's class, javax.servlet.ServletContext, is available from the following locations:

    jar:file:/usr/local/phoenix-4.14.2/phoenix-4.14.2-HBase-1.4-client.jar!/javax/servlet/ServletContext.class
    jar:file:/home/luochan/.m2/repository/org/apache/tomcat/embed/tomcat-embed-core/9.0.22/tomcat-embed-core-9.0.22.jar!/javax/servlet/ServletContext.class

It was loaded from the following location:

    file:/usr/local/phoenix-4.14.2/phoenix-4.14.2-HBase-1.4-client.jar


Action:

Correct the classpath of your application so that it contains a single, compatible version of javax.servlet.ServletContext

2019-08-14-17-01 [main] [org.springframework.boot.SpringApplication] [ERROR] - Application run failed
org.springframework.context.ApplicationContextException: Unable to start web server; nested exception is org.springframework.context.ApplicationContextException: Unable to start ServletWebServerApplicationContext due to missing ServletWebServerFactory bean.
	at org.springframework.boot.web.servlet.context.ServletWebServerApplicationContext.onRefresh(ServletWebServerApplicationContext.java:156)
	at org.springframework.context.support.AbstractApplicationContext.refresh(AbstractApplicationContext.java:543)
	at org.springframework.boot.web.servlet.context.ServletWebServerApplicationContext.refresh(ServletWebServerApplicationContext.java:141)
	at org.springframework.boot.SpringApplication.refresh(SpringApplication.java:743)
	at org.springframework.boot.SpringApplication.refreshContext(SpringApplication.java:390)
	at org.springframework.boot.SpringApplication.run(SpringApplication.java:312)
	at org.springframework.boot.SpringApplication.run(SpringApplication.java:1214)
	at org.springframework.boot.SpringApplication.run(SpringApplication.java:1203)
	at com.luochan.spark_web.SparkWebApplication.main(SparkWebApplication.java:13)
Caused by: org.springframework.context.ApplicationContextException: Unable to start ServletWebServerApplicationContext due to missing ServletWebServerFactory bean.
	at org.springframework.boot.web.servlet.context.ServletWebServerApplicationContext.getWebServerFactory(ServletWebServerApplicationContext.java:203)
	at org.springframework.boot.web.servlet.context.ServletWebServerApplicationContext.createWebServer(ServletWebServerApplicationContext.java:179)
	at org.springframework.boot.web.servlet.context.ServletWebServerApplicationContext.onRefresh(ServletWebServerApplicationContext.java:153)
	... 8 more
2019-08-14-17-02 [main] [org.springframework.boot.diagnostics.LoggingFailureAnalysisReporter] [ERROR] - 

***************************
APPLICATION FAILED TO START
***************************

Description:

An attempt was made to call a method that does not exist. The attempt was made from the following location:

    org.apache.catalina.authenticator.AuthenticatorBase.startInternal(AuthenticatorBase.java:1178)

The following method did not exist:

    javax.servlet.ServletContext.getVirtualServerName()Ljava/lang/String;

The method's class, javax.servlet.ServletContext, is available from the following locations:

    jar:file:/usr/local/phoenix-4.14.2/phoenix-4.14.2-HBase-1.4-client.jar!/javax/servlet/ServletContext.class
    jar:file:/home/luochan/.m2/repository/org/apache/tomcat/embed/tomcat-embed-core/9.0.22/tomcat-embed-core-9.0.22.jar!/javax/servlet/ServletContext.class
    jar:file:/home/luochan/.m2/repository/org/mortbay/jetty/servlet-api-2.5/6.1.14/servlet-api-2.5-6.1.14.jar!/javax/servlet/ServletContext.class
    jar:file:/home/luochan/.m2/repository/javax/servlet/servlet-api/2.5/servlet-api-2.5.jar!/javax/servlet/ServletContext.class

It was loaded from the following location:

    file:/usr/local/phoenix-4.14.2/phoenix-4.14.2-HBase-1.4-client.jar


Action:

Correct the classpath of your application so that it contains a single, compatible version of javax.servlet.ServletContext

2019-08-14-17-08 [main] [org.springframework.boot.SpringApplication] [ERROR] - Application run failed
org.springframework.context.ApplicationContextException: Unable to start web server; nested exception is org.springframework.context.ApplicationContextException: Unable to start ServletWebServerApplicationContext due to missing ServletWebServerFactory bean.
	at org.springframework.boot.web.servlet.context.ServletWebServerApplicationContext.onRefresh(ServletWebServerApplicationContext.java:156)
	at org.springframework.context.support.AbstractApplicationContext.refresh(AbstractApplicationContext.java:543)
	at org.springframework.boot.web.servlet.context.ServletWebServerApplicationContext.refresh(ServletWebServerApplicationContext.java:141)
	at org.springframework.boot.SpringApplication.refresh(SpringApplication.java:743)
	at org.springframework.boot.SpringApplication.refreshContext(SpringApplication.java:390)
	at org.springframework.boot.SpringApplication.run(SpringApplication.java:312)
	at org.springframework.boot.SpringApplication.run(SpringApplication.java:1214)
	at org.springframework.boot.SpringApplication.run(SpringApplication.java:1203)
	at com.luochan.spark_web.SparkWebApplication.main(SparkWebApplication.java:13)
Caused by: org.springframework.context.ApplicationContextException: Unable to start ServletWebServerApplicationContext due to missing ServletWebServerFactory bean.
	at org.springframework.boot.web.servlet.context.ServletWebServerApplicationContext.getWebServerFactory(ServletWebServerApplicationContext.java:203)
	at org.springframework.boot.web.servlet.context.ServletWebServerApplicationContext.createWebServer(ServletWebServerApplicationContext.java:179)
	at org.springframework.boot.web.servlet.context.ServletWebServerApplicationContext.onRefresh(ServletWebServerApplicationContext.java:153)
	... 8 more
2019-08-14-17-09 [main] [org.springframework.boot.diagnostics.LoggingFailureAnalysisReporter] [ERROR] - 

***************************
APPLICATION FAILED TO START
***************************

Description:

An attempt was made to call a method that does not exist. The attempt was made from the following location:

    org.apache.catalina.authenticator.AuthenticatorBase.startInternal(AuthenticatorBase.java:1178)

The following method did not exist:

    javax.servlet.ServletContext.getVirtualServerName()Ljava/lang/String;

The method's class, javax.servlet.ServletContext, is available from the following locations:

    jar:file:/usr/local/phoenix-4.14.2/phoenix-4.14.2-HBase-1.4-client.jar!/javax/servlet/ServletContext.class
    jar:file:/home/luochan/.m2/repository/org/apache/tomcat/embed/tomcat-embed-core/9.0.22/tomcat-embed-core-9.0.22.jar!/javax/servlet/ServletContext.class
    jar:file:/home/luochan/.m2/repository/org/mortbay/jetty/servlet-api-2.5/6.1.14/servlet-api-2.5-6.1.14.jar!/javax/servlet/ServletContext.class
    jar:file:/home/luochan/.m2/repository/javax/servlet/servlet-api/2.5/servlet-api-2.5.jar!/javax/servlet/ServletContext.class

It was loaded from the following location:

    file:/usr/local/phoenix-4.14.2/phoenix-4.14.2-HBase-1.4-client.jar


Action:

Correct the classpath of your application so that it contains a single, compatible version of javax.servlet.ServletContext

